<?xml version="1.0" encoding="UTF-8"?>
<!-- Generated by org.testng.reporters.JUnitXMLReporter -->
<testsuite ignored="0" hostname="DESKTOP-PTC3J18" failures="0" tests="5" name="Default test" time="0.036" errors="0" timestamp="2021-05-28T21:12:02 EEST">
  <testcase classname="dependancy.Demo" name="test1" time="0.005"/>
  <testcase classname="dependancy.Demo" name="test4" time="0.001"/>
  <testcase classname="dependancy.Demo" name="test2" time="0.0"/>
  <testcase classname="dependancy.Demo" name="test3" time="0.001"/>
  <testcase classname="dependancy.Demo" name="test5" time="0.001"/>
</testsuite> <!-- Default test -->
