<?xml version="1.0" encoding="UTF-8"?>
<testng-results ignored="0" total="4" passed="4" failed="0" skipped="0">
  <reporter-output>
  </reporter-output>
  <suite started-at="2021-05-06T21:16:12 EEST" name="Suite" finished-at="2021-05-06T21:16:12 EEST" duration-ms="71">
    <groups>
    </groups>
    <test started-at="2021-05-06T21:16:12 EEST" name="Test" finished-at="2021-05-06T21:16:12 EEST" duration-ms="22">
      <class name="testng_training.Demo_test">
        <test-method signature="test()[pri:0, instance:testng_training.Demo_test@696da30b]" started-at="2021-05-06T21:16:12 EEST" name="test" finished-at="2021-05-06T21:16:12 EEST" duration-ms="3" status="PASS">
          <reporter-output>
          </reporter-output>
        </test-method> <!-- test -->
        <test-method signature="test2()[pri:0, instance:testng_training.Demo_test@696da30b]" started-at="2021-05-06T21:16:12 EEST" name="test2" finished-at="2021-05-06T21:16:12 EEST" duration-ms="1" status="PASS">
          <reporter-output>
          </reporter-output>
        </test-method> <!-- test2 -->
      </class> <!-- testng_training.Demo_test -->
    </test> <!-- Test -->
    <test started-at="2021-05-06T21:16:12 EEST" name="Test 1" finished-at="2021-05-06T21:16:12 EEST" duration-ms="3">
      <class name="testng_training.Demo_test2">
        <test-method signature="test_demo_2()[pri:0, instance:testng_training.Demo_test2@6bedbc4d]" started-at="2021-05-06T21:16:12 EEST" name="test_demo_2" finished-at="2021-05-06T21:16:12 EEST" duration-ms="1" status="PASS">
          <reporter-output>
          </reporter-output>
        </test-method> <!-- test_demo_2 -->
      </class> <!-- testng_training.Demo_test2 -->
    </test> <!-- Test 1 -->
    <test started-at="2021-05-06T21:16:12 EEST" name="Test 2" finished-at="2021-05-06T21:16:12 EEST" duration-ms="2">
      <class name="demo3.Demo_test3">
        <test-method signature="test3()[pri:0, instance:demo3.Demo_test3@101952da]" started-at="2021-05-06T21:16:12 EEST" name="test3" finished-at="2021-05-06T21:16:12 EEST" duration-ms="1" status="PASS">
          <reporter-output>
          </reporter-output>
        </test-method> <!-- test3 -->
      </class> <!-- demo3.Demo_test3 -->
      <class name="testng_training.Demo_test">
        <test-method is-config="true" signature="BeforeSuiteMethod()[pri:0, instance:testng_training.Demo_test@696da30b]" started-at="2021-05-06T21:16:12 EEST" name="BeforeSuiteMethod" finished-at="2021-05-06T21:16:12 EEST" duration-ms="9" status="PASS">
          <reporter-output>
          </reporter-output>
        </test-method> <!-- BeforeSuiteMethod -->
        <test-method is-config="true" signature="AfterSuiteMethod()[pri:0, instance:testng_training.Demo_test@696da30b]" started-at="2021-05-06T21:16:12 EEST" name="AfterSuiteMethod" finished-at="2021-05-06T21:16:12 EEST" duration-ms="0" status="PASS">
          <reporter-output>
          </reporter-output>
        </test-method> <!-- AfterSuiteMethod -->
      </class> <!-- testng_training.Demo_test -->
    </test> <!-- Test 2 -->
  </suite> <!-- Suite -->
</testng-results>
