<?xml version="1.0" encoding="UTF-8"?>
<testng-results ignored="0" total="1" passed="1" failed="0" skipped="0">
  <reporter-output>
  </reporter-output>
  <suite started-at="2021-01-03T15:42:20 EET" name="Default suite" finished-at="2021-01-03T15:42:21 EET" duration-ms="1577">
    <groups>
    </groups>
    <test started-at="2021-01-03T15:42:20 EET" name="Default test" finished-at="2021-01-03T15:42:21 EET" duration-ms="1577">
      <class name="basic_testing.ResponseValidation">
        <test-method signature="PostRequest()[pri:0, instance:basic_testing.ResponseValidation@34f7cfd9]" started-at="2021-01-03T15:42:20 EET" name="PostRequest" finished-at="2021-01-03T15:42:21 EET" duration-ms="1552" status="PASS">
          <reporter-output>
          </reporter-output>
        </test-method> <!-- PostRequest -->
      </class> <!-- basic_testing.ResponseValidation -->
    </test> <!-- Default test -->
  </suite> <!-- Default suite -->
</testng-results>
