<?xml version="1.0" encoding="UTF-8"?>
<testng-results ignored="0" total="1" passed="1" failed="0" skipped="0">
  <reporter-output>
  </reporter-output>
  <suite started-at="2021-04-02T22:57:08 EEST" name="Default suite" finished-at="2021-04-02T22:57:08 EEST" duration-ms="24">
    <groups>
    </groups>
    <test started-at="2021-04-02T22:57:08 EEST" name="Default test" finished-at="2021-04-02T22:57:08 EEST" duration-ms="24">
      <class name="testng_training.Demo_test">
        <test-method is-config="true" signature="BeforeSuiteMethod()[pri:0, instance:testng_training.Demo_test@11bd0f3b]" started-at="2021-04-02T22:57:08 EEST" name="BeforeSuiteMethod" finished-at="2021-04-02T22:57:08 EEST" duration-ms="6" status="PASS">
          <reporter-output>
          </reporter-output>
        </test-method> <!-- BeforeSuiteMethod -->
        <test-method signature="test()[pri:0, instance:testng_training.Demo_test@11bd0f3b]" started-at="2021-04-02T22:57:08 EEST" name="test" finished-at="2021-04-02T22:57:08 EEST" duration-ms="3" status="PASS">
          <reporter-output>
          </reporter-output>
        </test-method> <!-- test -->
        <test-method is-config="true" signature="AfterSuiteMethod()[pri:0, instance:testng_training.Demo_test@11bd0f3b]" started-at="2021-04-02T22:57:08 EEST" name="AfterSuiteMethod" finished-at="2021-04-02T22:57:08 EEST" duration-ms="0" status="PASS">
          <reporter-output>
          </reporter-output>
        </test-method> <!-- AfterSuiteMethod -->
      </class> <!-- testng_training.Demo_test -->
    </test> <!-- Default test -->
  </suite> <!-- Default suite -->
</testng-results>
