<?xml version="1.0" encoding="UTF-8"?>
<testng-results ignored="0" total="5" passed="5" failed="0" skipped="0">
  <reporter-output>
  </reporter-output>
  <suite started-at="2021-05-28T21:12:02 EEST" name="Default suite" finished-at="2021-05-28T21:12:02 EEST" duration-ms="36">
    <groups>
    </groups>
    <test started-at="2021-05-28T21:12:02 EEST" name="Default test" finished-at="2021-05-28T21:12:02 EEST" duration-ms="36">
      <class name="dependancy.Demo">
        <test-method signature="test1()[pri:0, instance:dependancy.Demo@55536d9e]" started-at="2021-05-28T21:12:02 EEST" name="test1" finished-at="2021-05-28T21:12:02 EEST" duration-ms="5" status="PASS">
          <reporter-output>
          </reporter-output>
        </test-method> <!-- test1 -->
        <test-method signature="test4()[pri:0, instance:dependancy.Demo@55536d9e]" started-at="2021-05-28T21:12:02 EEST" name="test4" finished-at="2021-05-28T21:12:02 EEST" duration-ms="1" status="PASS">
          <reporter-output>
          </reporter-output>
        </test-method> <!-- test4 -->
        <test-method signature="test2()[pri:0, instance:dependancy.Demo@55536d9e]" started-at="2021-05-28T21:12:02 EEST" name="test2" finished-at="2021-05-28T21:12:02 EEST" depends-on-methods="dependancy.Demo.test1" duration-ms="0" status="PASS">
          <reporter-output>
          </reporter-output>
        </test-method> <!-- test2 -->
        <test-method signature="test3()[pri:0, instance:dependancy.Demo@55536d9e]" started-at="2021-05-28T21:12:02 EEST" name="test3" finished-at="2021-05-28T21:12:02 EEST" depends-on-methods="dependancy.Demo.test2" duration-ms="1" status="PASS">
          <reporter-output>
          </reporter-output>
        </test-method> <!-- test3 -->
        <test-method signature="test5()[pri:0, instance:dependancy.Demo@55536d9e]" started-at="2021-05-28T21:12:02 EEST" name="test5" finished-at="2021-05-28T21:12:02 EEST" depends-on-methods="dependancy.Demo.test3, dependancy.Demo.test1" duration-ms="1" status="PASS">
          <reporter-output>
          </reporter-output>
        </test-method> <!-- test5 -->
      </class> <!-- dependancy.Demo -->
    </test> <!-- Default test -->
  </suite> <!-- Default suite -->
</testng-results>
