<?xml version="1.0" encoding="UTF-8"?>
<testng-results ignored="0" total="2" passed="2" failed="0" skipped="0">
  <reporter-output>
  </reporter-output>
  <suite started-at="2021-06-26T20:03:27 EEST" name="Test parameters" finished-at="2021-06-26T20:03:27 EEST" duration-ms="35">
    <groups>
    </groups>
    <test started-at="2021-06-26T20:03:27 EEST" name="Test parameters via XML file" finished-at="2021-06-26T20:03:27 EEST" duration-ms="35">
      <class name="parameterization.Annotation">
        <test-method signature="Test_case_one(java.lang.String)[pri:0, instance:parameterization.Annotation@747edf66]" started-at="2021-06-26T20:03:27 EEST" name="Test_case_one" finished-at="2021-06-26T20:03:27 EEST" duration-ms="6" status="PASS">
          <params>
            <param index="0">
              <value>
                <![CDATA[Chrome]]>
              </value>
            </param>
          </params>
          <reporter-output>
          </reporter-output>
        </test-method> <!-- Test_case_one -->
        <test-method signature="Test_case_two(java.lang.String, java.lang.String)[pri:0, instance:parameterization.Annotation@747edf66]" started-at="2021-06-26T20:03:27 EEST" name="Test_case_two" finished-at="2021-06-26T20:03:27 EEST" duration-ms="0" status="PASS">
          <params>
            <param index="0">
              <value>
                <![CDATA[tester]]>
              </value>
            </param>
            <param index="1">
              <value>
                <![CDATA[12345]]>
              </value>
            </param>
          </params>
          <reporter-output>
          </reporter-output>
        </test-method> <!-- Test_case_two -->
      </class> <!-- parameterization.Annotation -->
    </test> <!-- Test parameters via XML file -->
  </suite> <!-- Test parameters -->
</testng-results>
