<?xml version="1.0" encoding="UTF-8"?>
<testng-results ignored="0" total="5" passed="5" failed="0" skipped="0">
  <reporter-output>
  </reporter-output>
  <suite started-at="2021-06-27T23:17:21 EEST" name="Data provider suite" finished-at="2021-06-27T23:17:22 EEST" duration-ms="86">
    <groups>
    </groups>
    <test started-at="2021-06-27T23:17:21 EEST" name="Unit test" finished-at="2021-06-27T23:17:21 EEST" duration-ms="39">
      <class name="dataprovider_parameterization.Dataprovider2">
        <test-method signature="Scenario1(java.lang.String)[pri:0, instance:dataprovider_parameterization.Dataprovider2@65f095f8]" started-at="2021-06-27T23:17:21 EEST" name="Scenario1" data-provider="scenarioData" finished-at="2021-06-27T23:17:21 EEST" duration-ms="4" status="PASS">
          <params>
            <param index="0">
              <value>
                <![CDATA[Common data]]>
              </value>
            </param>
          </params>
          <reporter-output>
          </reporter-output>
        </test-method> <!-- Scenario1 -->
        <test-method signature="Scenario2(java.lang.String)[pri:0, instance:dataprovider_parameterization.Dataprovider2@65f095f8]" started-at="2021-06-27T23:17:21 EEST" name="Scenario2" data-provider="scenarioData" finished-at="2021-06-27T23:17:21 EEST" duration-ms="0" status="PASS">
          <params>
            <param index="0">
              <value>
                <![CDATA[Common data]]>
              </value>
            </param>
          </params>
          <reporter-output>
          </reporter-output>
        </test-method> <!-- Scenario2 -->
        <test-method signature="Scenario3(java.lang.String)[pri:0, instance:dataprovider_parameterization.Dataprovider2@65f095f8]" started-at="2021-06-27T23:17:21 EEST" name="Scenario3" data-provider="scenarioData" finished-at="2021-06-27T23:17:21 EEST" duration-ms="1" status="PASS">
          <params>
            <param index="0">
              <value>
                <![CDATA[Common data]]>
              </value>
            </param>
          </params>
          <reporter-output>
          </reporter-output>
        </test-method> <!-- Scenario3 -->
      </class> <!-- dataprovider_parameterization.Dataprovider2 -->
    </test> <!-- Unit test -->
    <test started-at="2021-06-27T23:17:22 EEST" name="IntergrationLevel" finished-at="2021-06-27T23:17:22 EEST" duration-ms="3">
      <class name="dataprovider_parameterization.Dataprovider3">
        <test-method signature="intergrationTest(java.lang.String)[pri:0, instance:dataprovider_parameterization.Dataprovider3@1cbb87f3]" started-at="2021-06-27T23:17:22 EEST" name="intergrationTest" data-provider="TestType" finished-at="2021-06-27T23:17:22 EEST" duration-ms="1" status="PASS">
          <params>
            <param index="0">
              <value>
                <![CDATA[Common test data]]>
              </value>
            </param>
          </params>
          <reporter-output>
          </reporter-output>
        </test-method> <!-- intergrationTest -->
      </class> <!-- dataprovider_parameterization.Dataprovider3 -->
    </test> <!-- IntergrationLevel -->
    <test started-at="2021-06-27T23:17:22 EEST" name="AcceptanceLevel" finished-at="2021-06-27T23:17:22 EEST" duration-ms="2">
      <class name="dataprovider_parameterization.Dataprovider4">
        <test-method signature="acceptanceTest(java.lang.String)[pri:0, instance:dataprovider_parameterization.Dataprovider4@15bbf42f]" started-at="2021-06-27T23:17:22 EEST" name="acceptanceTest" data-provider="TestType" finished-at="2021-06-27T23:17:22 EEST" duration-ms="1" status="PASS">
          <params>
            <param index="0">
              <value>
                <![CDATA[Acceptance test data]]>
              </value>
            </param>
          </params>
          <reporter-output>
          </reporter-output>
        </test-method> <!-- acceptanceTest -->
      </class> <!-- dataprovider_parameterization.Dataprovider4 -->
    </test> <!-- AcceptanceLevel -->
  </suite> <!-- Data provider suite -->
</testng-results>
