<?xml version="1.0" encoding="UTF-8"?>
<testng-results ignored="1" total="3" passed="2" failed="0" skipped="0">
  <reporter-output>
  </reporter-output>
  <suite started-at="2021-05-09T16:36:52 EEST" name="Default suite" finished-at="2021-05-09T16:36:52 EEST" duration-ms="32">
    <groups>
    </groups>
    <test started-at="2021-05-09T16:36:52 EEST" name="Default test" finished-at="2021-05-09T16:36:52 EEST" duration-ms="32">
      <class name="skipping_test.Skip_demo">
        <test-method signature="test1()[pri:0, instance:skipping_test.Skip_demo@34f7cfd9]" started-at="2021-05-09T16:36:52 EEST" name="test1" finished-at="2021-05-09T16:36:52 EEST" duration-ms="5" status="PASS">
          <reporter-output>
          </reporter-output>
        </test-method> <!-- test1 -->
        <test-method signature="test3()[pri:0, instance:skipping_test.Skip_demo@34f7cfd9]" started-at="2021-05-09T16:36:52 EEST" name="test3" finished-at="2021-05-09T16:36:52 EEST" duration-ms="1" status="PASS">
          <reporter-output>
          </reporter-output>
        </test-method> <!-- test3 -->
      </class> <!-- skipping_test.Skip_demo -->
    </test> <!-- Default test -->
  </suite> <!-- Default suite -->
</testng-results>
